[01m[K/home/zhaomeng/DeformableEstimation/src/interp_cable/src/sort.cpp:[m[K In constructor ‘[01m[KCable::Sort::Sort(double, double, double, double, std::vector<double>, std::vector<double>, bool)[m[K’:
[01m[K/home/zhaomeng/DeformableEstimation/src/interp_cable/src/sort.cpp:16:93:[m[K [01;31m[Kerror: [m[Kclass ‘[01m[KCable::Sort[m[K’ does not have any field named ‘[01m[KStartP[m[K’
   16 |     : theta_max(theta_max), theta_min(theta_min), delta_length(delta_length), sigma(sigma), [01;31m[KStartP[m[K(start_point), StartN(start_normal), include_start(include_start)
      |                                                                                             [01;31m[K^~~~~~[m[K
[01m[K/home/zhaomeng/DeformableEstimation/src/interp_cable/src/sort.cpp:16:114:[m[K [01;31m[Kerror: [m[Kclass ‘[01m[KCable::Sort[m[K’ does not have any field named ‘[01m[KStartN[m[K’
   16 |     : theta_max(theta_max), theta_min(theta_min), delta_length(delta_length), sigma(sigma), StartP(start_point), [01;31m[KStartN[m[K(start_normal), include_start(include_start)
      |                                                                                                                  [01;31m[K^~~~~~[m[K
In file included from [01m[K/opt/ros/noetic/include/ros/ros.h:41[m[K,
                 from [01m[K/home/zhaomeng/DeformableEstimation/src/interp_cable/src/sort.cpp:1[m[K:
[01m[K/home/zhaomeng/DeformableEstimation/src/interp_cable/src/sort.cpp:[m[K In member function ‘[01m[Kstd::vector<double> Cable::Sort::Rodriguez(std::vector<double>&, std::vector<double>&, double)[m[K’:
[01m[K/home/zhaomeng/DeformableEstimation/src/interp_cable/src/sort.cpp:97:16:[m[K [01;31m[Kerror: [m[K‘[01m[Kfnorm[m[K’ was not declared in this scope
   97 |     ROS_ASSERT([01;31m[Kfnorm[m[K(axis) < 1 + 1e-6);
      |                [01;31m[K^~~~~[m[K
[01m[K/opt/ros/noetic/include/ros/assert.h:122:11:[m[K [01;36m[Knote: [m[Kin definition of macro ‘[01m[KROS_ASSERT[m[K’
  122 |     if (!([01;36m[Kcond[m[K)) { \
      |           [01;36m[K^~~~[m[K
[01m[K/home/zhaomeng/DeformableEstimation/src/interp_cable/src/sort.cpp:[m[K In member function ‘[01m[Kvoid Cable::Sort::Init(std::vector<std::vector<double> >&)[m[K’:
[01m[K/home/zhaomeng/DeformableEstimation/src/interp_cable/src/sort.cpp:127:5:[m[K [01;31m[Kerror: [m[K‘[01m[KDirection[m[K’ was not declared in this scope; did you mean ‘[01m[Kdirection[m[K’?
  127 |     [01;31m[KDirection[m[K.clear();
      |     [01;31m[K^~~~~~~~~[m[K
      |     [32m[Kdirection[m[K
[01m[K/home/zhaomeng/DeformableEstimation/src/interp_cable/src/sort.cpp:134:27:[m[K [01;31m[Kerror: [m[K‘[01m[KFindClosestPoint[m[K’ was not declared in this scope; did you mean ‘[01m[Kfind_closest_point[m[K’?
  134 |         int closest_idx = [01;31m[KFindClosestPoint[m[K(point_set, start_point);
      |                           [01;31m[K^~~~~~~~~~~~~~~~[m[K
      |                           [32m[Kfind_closest_point[m[K
[01m[K/home/zhaomeng/DeformableEstimation/src/interp_cable/src/sort.cpp:[m[K In member function ‘[01m[Kvoid Cable::Sort::SortPoints(std::vector<std::vector<double> >&)[m[K’:
[01m[K/home/zhaomeng/DeformableEstimation/src/interp_cable/src/sort.cpp:150:9:[m[K [01;31m[Kerror: [m[K‘[01m[KProb[m[K’ was not declared in this scope; did you mean ‘[01m[Kprob[m[K’?
  150 |         [01;31m[KProb[m[K.clear();
      |         [01;31m[K^~~~[m[K
      |         [32m[Kprob[m[K
[01m[K/home/zhaomeng/DeformableEstimation/src/interp_cable/src/sort.cpp:155:13:[m[K [01;31m[Kerror: [m[K‘[01m[KPositionalDiff[m[K’ was not declared in this scope; did you mean ‘[01m[Kpositional_diff[m[K’?
  155 |             [01;31m[KPositionalDiff[m[K.clear();
      |             [01;31m[K^~~~~~~~~~~~~~[m[K
      |             [32m[Kpositional_diff[m[K
[01m[K/home/zhaomeng/DeformableEstimation/src/interp_cable/src/sort.cpp:169:27:[m[K [01;31m[Kerror: [m[K‘[01m[KDirection[m[K’ was not declared in this scope; did you mean ‘[01m[Kdirection[m[K’?
  169 |             theta = Angle([01;31m[KDirection[m[K[i], PositionalDiff);
      |                           [01;31m[K^~~~~~~~~[m[K
      |                           [32m[Kdirection[m[K
[01m[K/home/zhaomeng/DeformableEstimation/src/interp_cable/src/sort.cpp:188:9:[m[K [01;31m[Kerror: [m[K‘[01m[KPositionalDiff[m[K’ was not declared in this scope; did you mean ‘[01m[Kpositional_diff[m[K’?
  188 |         [01;31m[KPositionalDiff[m[K.clear();
      |         [01;31m[K^~~~~~~~~~~~~~[m[K
      |         [32m[Kpositional_diff[m[K
[01m[K/home/zhaomeng/DeformableEstimation/src/interp_cable/src/sort.cpp:195:9:[m[K [01;31m[Kerror: [m[K‘[01m[KNormal[m[K’ was not declared in this scope; did you mean ‘[01m[Knormal[m[K’?
  195 |         [01;31m[KNormal[m[K = Cross(Direction[i], PositionalDiff);
      |         [01;31m[K^~~~~~[m[K
      |         [32m[Knormal[m[K
[01m[K/home/zhaomeng/DeformableEstimation/src/interp_cable/src/sort.cpp:195:24:[m[K [01;31m[Kerror: [m[K‘[01m[KDirection[m[K’ was not declared in this scope; did you mean ‘[01m[Kdirection[m[K’?
  195 |         Normal = Cross([01;31m[KDirection[m[K[i], PositionalDiff);
      |                        [01;31m[K^~~~~~~~~[m[K
      |                        [32m[Kdirection[m[K
[01m[K/home/zhaomeng/DeformableEstimation/src/interp_cable/src/sort.cpp:202:21:[m[K [01;31m[Kerror: [m[K‘[01m[Kfangle[m[K’ was not declared in this scope; did you mean ‘[01m[KAngle[m[K’?
  202 |         rot_angle = [01;31m[Kfangle[m[K(Direction[i], PositionalDiff);
      |                     [01;31m[K^~~~~~[m[K
      |                     [32m[KAngle[m[K
In file included from [01m[K/opt/ros/noetic/include/ros/ros.h:40[m[K,
                 from [01m[K/home/zhaomeng/DeformableEstimation/src/interp_cable/src/sort.cpp:1[m[K:
[01m[K/home/zhaomeng/DeformableEstimation/src/interp_cable/src/sort.cpp:208:59:[m[K [01;31m[Kerror: [m[K‘[01m[Kps[m[K’ was not declared in this scope
  208 |     ROS_INFO_STREAM("point cloud size after sort is: " << [01;31m[Kps[m[K.size());
      |                                                           [01;31m[K^~[m[K
[01m[K/opt/ros/noetic/include/ros/console.h:361:64:[m[K [01;36m[Knote: [m[Kin definition of macro ‘[01m[KROSCONSOLE_PRINT_STREAM_AT_LOCATION_WITH_FILTER[m[K’
  361 |     __rosconsole_print_stream_at_location_with_filter__ss__ << [01;36m[Kargs[m[K; \
      |                                                                [01;36m[K^~~~[m[K
[01m[K/opt/ros/noetic/include/ros/console.h:409:7:[m[K [01;36m[Knote: [m[Kin expansion of macro ‘[01m[KROSCONSOLE_PRINT_STREAM_AT_LOCATION[m[K’
  409 |       [01;36m[KROSCONSOLE_PRINT_STREAM_AT_LOCATION[m[K(args); \
      |       [01;36m[K^~~~~~~~~~~~~~~~~~~~~~~~~~~~~~~~~~~[m[K
[01m[K/opt/ros/noetic/include/ros/console.h:582:43:[m[K [01;36m[Knote: [m[Kin expansion of macro ‘[01m[KROS_LOG_STREAM_COND[m[K’
  582 | #define ROS_LOG_STREAM(level, name, args) [01;36m[KROS_LOG_STREAM_COND[m[K(true, level, name, args)
      |                                           [01;36m[K^~~~~~~~~~~~~~~~~~~[m[K
[01m[K/opt/ros/noetic/include/rosconsole/macros_generated.h:111:31:[m[K [01;36m[Knote: [m[Kin expansion of macro ‘[01m[KROS_LOG_STREAM[m[K’
  111 | #define ROS_INFO_STREAM(args) [01;36m[KROS_LOG_STREAM[m[K(::ros::console::levels::Info, ROSCONSOLE_DEFAULT_NAME, args)
      |                               [01;36m[K^~~~~~~~~~~~~~[m[K
[01m[K/home/zhaomeng/DeformableEstimation/src/interp_cable/src/sort.cpp:208:5:[m[K [01;36m[Knote: [m[Kin expansion of macro ‘[01m[KROS_INFO_STREAM[m[K’
  208 |     [01;36m[KROS_INFO_STREAM[m[K("point cloud size after sort is: " << ps.size());
      |     [01;36m[K^~~~~~~~~~~~~~~[m[K
make[2]: *** [CMakeFiles/sort.dir/build.make:63: CMakeFiles/sort.dir/src/sort.cpp.o] Error 1
make[1]: *** [CMakeFiles/Makefile2:902: CMakeFiles/sort.dir/all] Error 2
make: *** [Makefile:141: all] Error 2
