In file included from [01m[K/home/zhaomeng/DeformableEstimation/src/interp_cable/src/sort.cpp:6[m[K:
[01m[K/home/zhaomeng/DeformableEstimation/src/interp_cable/include/interp_cable/sort.hpp:35:62:[m[K [01;31m[Kerror: [m[Kreturn type specification for constructor invalid
   35 |         void Sort(std::vector<std::vector<double>> &point_set[01;31m[K)[m[K; // sort the input data v based on the sorting algorithm
      |                                                              [01;31m[K^[m[K
[01m[K/home/zhaomeng/DeformableEstimation/src/interp_cable/src/sort.cpp:[m[K In constructor ‘[01m[KCable::Sort::Sort(double, double, double, double, std::vector<double>, std::vector<double>, bool)[m[K’:
[01m[K/home/zhaomeng/DeformableEstimation/src/interp_cable/src/sort.cpp:16:93:[m[K [01;31m[Kerror: [m[Kclass ‘[01m[KCable::Sort[m[K’ does not have any field named ‘[01m[KStartP[m[K’
   16 |     : theta_max(theta_max), theta_min(theta_min), delta_length(delta_length), sigma(sigma), [01;31m[KStartP[m[K(start_point), StartN(start_normal), include_start(include_start)
      |                                                                                             [01;31m[K^~~~~~[m[K
[01m[K/home/zhaomeng/DeformableEstimation/src/interp_cable/src/sort.cpp:16:114:[m[K [01;31m[Kerror: [m[Kclass ‘[01m[KCable::Sort[m[K’ does not have any field named ‘[01m[KStartN[m[K’
   16 |     : theta_max(theta_max), theta_min(theta_min), delta_length(delta_length), sigma(sigma), StartP(start_point), [01;31m[KStartN[m[K(start_normal), include_start(include_start)
      |                                                                                                                  [01;31m[K^~~~~~[m[K
In file included from [01m[K/opt/ros/noetic/include/ros/ros.h:41[m[K,
                 from [01m[K/home/zhaomeng/DeformableEstimation/src/interp_cable/src/sort.cpp:1[m[K:
[01m[K/home/zhaomeng/DeformableEstimation/src/interp_cable/src/sort.cpp:[m[K In member function ‘[01m[Kstd::vector<double> Cable::Sort::Rodriguez(std::vector<double>&, std::vector<double>&, double)[m[K’:
[01m[K/home/zhaomeng/DeformableEstimation/src/interp_cable/src/sort.cpp:97:16:[m[K [01;31m[Kerror: [m[K‘[01m[Kfnorm[m[K’ was not declared in this scope
   97 |     ROS_ASSERT([01;31m[Kfnorm[m[K(axis) < 1 + 1e-6);
      |                [01;31m[K^~~~~[m[K
[01m[K/opt/ros/noetic/include/ros/assert.h:122:11:[m[K [01;36m[Knote: [m[Kin definition of macro ‘[01m[KROS_ASSERT[m[K’
  122 |     if (!([01;36m[Kcond[m[K)) { \
      |           [01;36m[K^~~~[m[K
[01m[K/home/zhaomeng/DeformableEstimation/src/interp_cable/src/sort.cpp:[m[K In member function ‘[01m[Kvoid Cable::Sort::Init(std::vector<std::vector<double> >&)[m[K’:
[01m[K/home/zhaomeng/DeformableEstimation/src/interp_cable/src/sort.cpp:127:5:[m[K [01;31m[Kerror: [m[K‘[01m[KDirection[m[K’ was not declared in this scope; did you mean ‘[01m[Kdirection[m[K’?
  127 |     [01;31m[KDirection[m[K.clear();
      |     [01;31m[K^~~~~~~~~[m[K
      |     [32m[Kdirection[m[K
[01m[K/home/zhaomeng/DeformableEstimation/src/interp_cable/src/sort.cpp:134:27:[m[K [01;31m[Kerror: [m[K‘[01m[KFindClosestPoint[m[K’ was not declared in this scope; did you mean ‘[01m[Kfind_closest_point[m[K’?
  134 |         int closest_idx = [01;31m[KFindClosestPoint[m[K(point_set, start_point);
      |                           [01;31m[K^~~~~~~~~~~~~~~~[m[K
      |                           [32m[Kfind_closest_point[m[K
[01m[K/home/zhaomeng/DeformableEstimation/src/interp_cable/src/sort.cpp:[m[K At global scope:
[01m[K/home/zhaomeng/DeformableEstimation/src/interp_cable/src/sort.cpp:141:6:[m[K [01;31m[Kerror: [m[Kno declaration matches ‘[01m[Kvoid Cable::Sort::SortPoints(std::vector<std::vector<double> >&)[m[K’
  141 | void [01;31m[KCable[m[K::Sort::SortPoints(std::vector<std::vector<double>> &point_set)
      |      [01;31m[K^~~~~[m[K
[01m[K/home/zhaomeng/DeformableEstimation/src/interp_cable/src/sort.cpp:141:6:[m[K [01;36m[Knote: [m[Kno functions named ‘[01m[Kvoid Cable::Sort::SortPoints(std::vector<std::vector<double> >&)[m[K’
In file included from [01m[K/home/zhaomeng/DeformableEstimation/src/interp_cable/src/sort.cpp:6[m[K:
[01m[K/home/zhaomeng/DeformableEstimation/src/interp_cable/include/interp_cable/sort.hpp:6:11:[m[K [01;36m[Knote: [m[K‘[01m[Kclass Cable::Sort[m[K’ defined here
    6 |     class [01;36m[KSort[m[K
      |           [01;36m[K^~~~[m[K
make[2]: *** [CMakeFiles/sort.dir/build.make:63: CMakeFiles/sort.dir/src/sort.cpp.o] Error 1
make[1]: *** [CMakeFiles/Makefile2:902: CMakeFiles/sort.dir/all] Error 2
make: *** [Makefile:141: all] Error 2
