[01m[K/home/zhaomeng/DeformableEstimation/src/interp_cable/src/sort.cpp:[m[K In member function ‘[01m[Kvoid Cable::Sort::SortPoints(std::vector<std::vector<double> >&)[m[K’:
[01m[K/home/zhaomeng/DeformableEstimation/src/interp_cable/src/sort.cpp:173:17:[m[K [01;31m[Kerror: [m[K‘[01m[Kmean[m[K’ was not declared in this scope; did you mean ‘[01m[Kmean_[m[K’?
  173 |                 [01;31m[Kmean[m[K = 2 * delta_length * cos(theta_) / (M_PI - 2 * theta_);
      |                 [01;31m[K^~~~[m[K
      |                 [32m[Kmean_[m[K
[01m[K/home/zhaomeng/DeformableEstimation/src/interp_cable/src/sort.cpp:173:28:[m[K [01;31m[Kerror: [m[K‘[01m[Kdelta_length[m[K’ was not declared in this scope; did you mean ‘[01m[Kdelta_length_[m[K’?
  173 |                 mean = 2 * [01;31m[Kdelta_length[m[K * cos(theta_) / (M_PI - 2 * theta_);
      |                            [01;31m[K^~~~~~~~~~~~[m[K
      |                            [32m[Kdelta_length_[m[K
[01m[K/home/zhaomeng/DeformableEstimation/src/interp_cable/src/sort.cpp:174:34:[m[K [01;31m[Kerror: [m[K‘[01m[Ksigma[m[K’ was not declared in this scope; did you mean ‘[01m[Ksigma_[m[K’?
  174 |                 prob_[j] = (1 / ([01;31m[Ksigma[m[K * std::sqrt(2 * M_PI))) * exp(-0.5 * pow(((Norm(positional_diff_) - mean) / sigma), 2));
      |                                  [01;31m[K^~~~~[m[K
      |                                  [32m[Ksigma_[m[K
[01m[K/home/zhaomeng/DeformableEstimation/src/interp_cable/src/sort.cpp:179:39:[m[K [01;31m[Kerror: [m[K‘[01m[KProb[m[K’ was not declared in this scope
  179 |         int MaxIdx = std::max_element([01;31m[KProb[m[K.begin(), Prob.end()) - Prob.begin();
      |                                       [01;31m[K^~~~[m[K
[01m[K/home/zhaomeng/DeformableEstimation/src/interp_cable/src/sort.cpp:188:9:[m[K [01;31m[Kerror: [m[K‘[01m[KPositionalDiff[m[K’ was not declared in this scope; did you mean ‘[01m[Kpositional_diff_[m[K’?
  188 |         [01;31m[KPositionalDiff[m[K.clear();
      |         [01;31m[K^~~~~~~~~~~~~~[m[K
      |         [32m[Kpositional_diff_[m[K
[01m[K/home/zhaomeng/DeformableEstimation/src/interp_cable/src/sort.cpp:195:9:[m[K [01;31m[Kerror: [m[K‘[01m[KNormal[m[K’ was not declared in this scope; did you mean ‘[01m[Knormal_[m[K’?
  195 |         [01;31m[KNormal[m[K = Cross(Direction[i], PositionalDiff);
      |         [01;31m[K^~~~~~[m[K
      |         [32m[Knormal_[m[K
[01m[K/home/zhaomeng/DeformableEstimation/src/interp_cable/src/sort.cpp:195:24:[m[K [01;31m[Kerror: [m[K‘[01m[KDirection[m[K’ was not declared in this scope; did you mean ‘[01m[Kdirection_[m[K’?
  195 |         Normal = Cross([01;31m[KDirection[m[K[i], PositionalDiff);
      |                        [01;31m[K^~~~~~~~~[m[K
      |                        [32m[Kdirection_[m[K
[01m[K/home/zhaomeng/DeformableEstimation/src/interp_cable/src/sort.cpp:202:9:[m[K [01;31m[Kerror: [m[K‘[01m[Krot_angle[m[K’ was not declared in this scope; did you mean ‘[01m[Krot_angle_[m[K’?
  202 |         [01;31m[Krot_angle[m[K = fangle(Direction[i], PositionalDiff);
      |         [01;31m[K^~~~~~~~~[m[K
      |         [32m[Krot_angle_[m[K
[01m[K/home/zhaomeng/DeformableEstimation/src/interp_cable/src/sort.cpp:202:21:[m[K [01;31m[Kerror: [m[K‘[01m[Kfangle[m[K’ was not declared in this scope; did you mean ‘[01m[KAngle[m[K’?
  202 |         rot_angle = [01;31m[Kfangle[m[K(Direction[i], PositionalDiff);
      |                     [01;31m[K^~~~~~[m[K
      |                     [32m[KAngle[m[K
In file included from [01m[K/opt/ros/noetic/include/ros/ros.h:40[m[K,
                 from [01m[K/home/zhaomeng/DeformableEstimation/src/interp_cable/src/sort.cpp:1[m[K:
[01m[K/home/zhaomeng/DeformableEstimation/src/interp_cable/src/sort.cpp:208:59:[m[K [01;31m[Kerror: [m[K‘[01m[Kps[m[K’ was not declared in this scope
  208 |     ROS_INFO_STREAM("point cloud size after sort is: " << [01;31m[Kps[m[K.size());
      |                                                           [01;31m[K^~[m[K
[01m[K/opt/ros/noetic/include/ros/console.h:361:64:[m[K [01;36m[Knote: [m[Kin definition of macro ‘[01m[KROSCONSOLE_PRINT_STREAM_AT_LOCATION_WITH_FILTER[m[K’
  361 |     __rosconsole_print_stream_at_location_with_filter__ss__ << [01;36m[Kargs[m[K; \
      |                                                                [01;36m[K^~~~[m[K
[01m[K/opt/ros/noetic/include/ros/console.h:409:7:[m[K [01;36m[Knote: [m[Kin expansion of macro ‘[01m[KROSCONSOLE_PRINT_STREAM_AT_LOCATION[m[K’
  409 |       [01;36m[KROSCONSOLE_PRINT_STREAM_AT_LOCATION[m[K(args); \
      |       [01;36m[K^~~~~~~~~~~~~~~~~~~~~~~~~~~~~~~~~~~[m[K
[01m[K/opt/ros/noetic/include/ros/console.h:582:43:[m[K [01;36m[Knote: [m[Kin expansion of macro ‘[01m[KROS_LOG_STREAM_COND[m[K’
  582 | #define ROS_LOG_STREAM(level, name, args) [01;36m[KROS_LOG_STREAM_COND[m[K(true, level, name, args)
      |                                           [01;36m[K^~~~~~~~~~~~~~~~~~~[m[K
[01m[K/opt/ros/noetic/include/rosconsole/macros_generated.h:111:31:[m[K [01;36m[Knote: [m[Kin expansion of macro ‘[01m[KROS_LOG_STREAM[m[K’
  111 | #define ROS_INFO_STREAM(args) [01;36m[KROS_LOG_STREAM[m[K(::ros::console::levels::Info, ROSCONSOLE_DEFAULT_NAME, args)
      |                               [01;36m[K^~~~~~~~~~~~~~[m[K
[01m[K/home/zhaomeng/DeformableEstimation/src/interp_cable/src/sort.cpp:208:5:[m[K [01;36m[Knote: [m[Kin expansion of macro ‘[01m[KROS_INFO_STREAM[m[K’
  208 |     [01;36m[KROS_INFO_STREAM[m[K("point cloud size after sort is: " << ps.size());
      |     [01;36m[K^~~~~~~~~~~~~~~[m[K
[01m[K/home/zhaomeng/DeformableEstimation/src/interp_cable/src/test_node.cpp:[m[K In function ‘[01m[Kint main()[m[K’:
[01m[K/home/zhaomeng/DeformableEstimation/src/interp_cable/src/test_node.cpp:10:29:[m[K [01;31m[Kerror: [m[K‘[01m[Klinspace[m[K’ was not declared in this scope; did you mean ‘[01m[KLinspace[m[K’?
   10 |     std::vector<double> X = [01;31m[Klinspace[m[K(0, 1, 5); // must be increasing
      |                             [01;31m[K^~~~~~~~[m[K
      |                             [32m[KLinspace[m[K
make[2]: *** [CMakeFiles/sort.dir/build.make:63: CMakeFiles/sort.dir/src/sort.cpp.o] Error 1
make[1]: *** [CMakeFiles/Makefile2:902: CMakeFiles/sort.dir/all] Error 2
make[1]: *** Waiting for unfinished jobs....
make[2]: *** [CMakeFiles/test_node.dir/build.make:63: CMakeFiles/test_node.dir/src/test_node.cpp.o] Error 1
make[1]: *** [CMakeFiles/Makefile2:200: CMakeFiles/test_node.dir/all] Error 2
make: *** [Makefile:141: all] Error 2
